<?xml version="1.0" encoding="UTF-8"?>
<testng-results ignored="0" total="6" passed="6" failed="0" skipped="0">
  <reporter-output>
  </reporter-output>
  <suite started-at="2019-11-28T23:52:06Z" name="Command line suite" finished-at="2019-11-28T23:52:06Z" duration-ms="34">
    <groups>
    </groups>
    <test started-at="2019-11-28T23:52:06Z" name="Command line test" finished-at="2019-11-28T23:52:06Z" duration-ms="34">
      <class name="qaclickacademy.AppiumTest">
        <test-method signature="IOSApps()[pri:0, instance:qaclickacademy.AppiumTest@79be0360]" started-at="2019-11-28T23:52:06Z" name="IOSApps" finished-at="2019-11-28T23:52:06Z" duration-ms="5" status="PASS">
          <reporter-output>
          </reporter-output>
        </test-method> <!-- IOSApps -->
        <test-method signature="NativeAppAndroid()[pri:0, instance:qaclickacademy.AppiumTest@79be0360]" started-at="2019-11-28T23:52:06Z" name="NativeAppAndroid" finished-at="2019-11-28T23:52:06Z" duration-ms="1" status="PASS">
          <reporter-output>
          </reporter-output>
        </test-method> <!-- NativeAppAndroid -->
      </class> <!-- qaclickacademy.AppiumTest -->
      <class name="qaclickacademy.RestAPITest">
        <test-method signature="deleteTwitter()[pri:0, instance:qaclickacademy.RestAPITest@3224f60b]" started-at="2019-11-28T23:52:06Z" name="deleteTwitter" finished-at="2019-11-28T23:52:06Z" duration-ms="1" status="PASS">
          <reporter-output>
          </reporter-output>
        </test-method> <!-- deleteTwitter -->
        <test-method signature="postJira()[pri:0, instance:qaclickacademy.RestAPITest@3224f60b]" started-at="2019-11-28T23:52:06Z" name="postJira" finished-at="2019-11-28T23:52:06Z" duration-ms="1" status="PASS">
          <reporter-output>
          </reporter-output>
        </test-method> <!-- postJira -->
      </class> <!-- qaclickacademy.RestAPITest -->
      <class name="qaclickacademy.SeleniumTest">
        <test-method signature="BrowserAutomation()[pri:0, instance:qaclickacademy.SeleniumTest@63e2203c]" started-at="2019-11-28T23:52:06Z" name="BrowserAutomation" finished-at="2019-11-28T23:52:06Z" duration-ms="0" status="PASS">
          <reporter-output>
          </reporter-output>
        </test-method> <!-- BrowserAutomation -->
        <test-method signature="ElementsUI()[pri:0, instance:qaclickacademy.SeleniumTest@63e2203c]" started-at="2019-11-28T23:52:06Z" name="ElementsUI" finished-at="2019-11-28T23:52:06Z" duration-ms="1" status="PASS">
          <reporter-output>
          </reporter-output>
        </test-method> <!-- ElementsUI -->
      </class> <!-- qaclickacademy.SeleniumTest -->
    </test> <!-- Command line test -->
  </suite> <!-- Command line suite -->
</testng-results>
